<?xml version="1.0" encoding="UTF-8"?>
<!-- Generated by org.testng.reporters.JUnitReportReporter -->
<testsuite skipped="0" hostname="Naveen-Gaddipati" name="tests.Shopping_Chrome_Test" tests="6" failures="0" timestamp="2020-11-30T17:54:15 IST" time="70.641" errors="0">
  <testcase name="validate_price" time="50.430" classname="tests.Shopping_Chrome_Test"/>
  <system-out/>
  <testcase name="validate_dress_title" time="6.399" classname="tests.Shopping_Chrome_Test"/>
  <system-out/>
  <testcase name="validate_success_message" time="3.223" classname="tests.Shopping_Chrome_Test"/>
  <system-out/>
  <testcase name="validate_cart_price" time="3.177" classname="tests.Shopping_Chrome_Test"/>
  <system-out/>
  <testcase name="validate_cart_quantity" time="3.142" classname="tests.Shopping_Chrome_Test"/>
  <system-out/>
  <testcase name="validate_cart_total" time="4.270" classname="tests.Shopping_Chrome_Test"/>
  <system-out/>
</testsuite> <!-- tests.Shopping_Chrome_Test -->
