<?xml version="1.0" encoding="UTF-8"?>
<!-- Generated by org.testng.reporters.JUnitReportReporter -->
<testsuite skipped="0" hostname="Naveen-Gaddipati" name="tests.Shopping_Firefox_Test" tests="1" failures="0" timestamp="2020-11-28T22:21:31 IST" time="101.623" errors="0">
  <testcase name="test_cart_firefox" time="101.623" classname="tests.Shopping_Firefox_Test"/>
  <system-out/>
</testsuite> <!-- tests.Shopping_Firefox_Test -->
