<?xml version="1.0" encoding="UTF-8"?>
<!-- Generated by org.testng.reporters.JUnitReportReporter -->
<testsuite skipped="0" hostname="Naveen-Gaddipati" name="tests.Shopping_Chrome_Test" tests="6" failures="0" timestamp="2020-12-03T23:24:18 IST" time="142.405" errors="0">
  <testcase name="validate_price" time="119.592" classname="tests.Shopping_Chrome_Test"/>
  <system-out/>
  <testcase name="validate_dress_title" time="8.102" classname="tests.Shopping_Chrome_Test"/>
  <system-out/>
  <testcase name="validate_success_message" time="3.075" classname="tests.Shopping_Chrome_Test"/>
  <system-out/>
  <testcase name="validate_cart_price" time="3.074" classname="tests.Shopping_Chrome_Test"/>
  <system-out/>
  <testcase name="validate_cart_quantity" time="3.109" classname="tests.Shopping_Chrome_Test"/>
  <system-out/>
  <testcase name="validate_cart_total" time="5.453" classname="tests.Shopping_Chrome_Test"/>
  <system-out/>
</testsuite> <!-- tests.Shopping_Chrome_Test -->
